<?xml version="1.0" encoding="UTF-8"?>
<!-- Generated by org.testng.reporters.JUnitReportReporter -->
<testsuite hostname="LAPTOP-PQSKF77B" failures="0" tests="1" name="testCases.TC_004_SearchProductTest" time="0.900" errors="0" timestamp="2025-02-13T23:42:26 IST" skipped="0">
  <testcase classname="testCases.TC_004_SearchProductTest" name="verify_pruductSearch" time="0.900"/>
</testsuite> <!-- testCases.TC_004_SearchProductTest -->
