<?xml version="1.0" encoding="UTF-8"?>
<!-- Generated by org.testng.reporters.JUnitReportReporter -->
<testsuite hostname="LAPTOP-PQSKF77B" failures="0" tests="1" name="testCases.TC_005_AddToCartPageTest" time="2.168" errors="0" timestamp="2025-02-13T23:42:26 IST" skipped="0">
  <testcase classname="testCases.TC_005_AddToCartPageTest" name="verify_addToCart" time="2.168"/>
</testsuite> <!-- testCases.TC_005_AddToCartPageTest -->
