<?xml version="1.0" encoding="UTF-8"?>
<!-- Generated by org.testng.reporters.JUnitReportReporter -->
<testsuite hostname="LAPTOP-PQSKF77B" failures="0" tests="1" name="testCases.TC001_AccountRegistrationTest" time="4.519" errors="0" timestamp="2025-02-13T23:42:26 IST" skipped="0">
  <testcase classname="testCases.TC001_AccountRegistrationTest" name="verify_account_registration" time="4.519"/>
</testsuite> <!-- testCases.TC001_AccountRegistrationTest -->
